<?xml version="1.0" encoding="UTF-8"?>
<testsuite xmlns:xsi="http://www.w3.org/2001/XMLSchema-instance" xsi:noNamespaceSchemaLocation="https://maven.apache.org/surefire/maven-surefire-plugin/xsd/surefire-test-report-3.0.xsd" version="3.0" name="TestGioco" time="0.07" tests="4" errors="0" skipped="0" failures="0">
  <properties>
[...]
</properties>
  <testcase name="testCondizioni" classname="TestGioco" time="0.035">
    <system-out><![CDATA[Giocatore 0 ha in mano: 5-> PUO GIOCARE
Giocatore 1 ha in mano: 3-> PUO GIOCARE
Giocatore 2 ha in mano: 5-> PUO GIOCARE


Giocatore 0 ha in mano: 2-> LOSE!
Giocatore 1 ha in mano: 2-> LOSE!
Giocatore 2 ha in mano: 8-> WIN!


]]></system-out>
  </testcase>
  <testcase name="testMCDC" classname="TestGioco" time="0.002">
    <system-out><![CDATA[Giocatore 0 ha in mano: 5-> PUO GIOCARE
Giocatore 1 ha in mano: 3-> PUO GIOCARE
Giocatore 2 ha in mano: 5-> PUO GIOCARE


Giocatore 0 ha in mano: 2-> LOSE!
Giocatore 1 ha in mano: 2-> LOSE!
Giocatore 2 ha in mano: 8-> WIN!


]]></system-out>
  </testcase>
  <testcase name="testIstruzioni" classname="TestGioco" time="0.002">
    <system-out><![CDATA[Giocatore 0 ha in mano: 5-> PUO GIOCARE
Giocatore 1 ha in mano: 3-> PUO GIOCARE
Giocatore 2 ha in mano: 5-> PUO GIOCARE


Giocatore 0 ha in mano: 2-> LOSE!
Giocatore 1 ha in mano: 2-> LOSE!
Giocatore 2 ha in mano: 8-> WIN!


]]></system-out>
  </testcase>
  <testcase name="testBranch" classname="TestGioco" time="0.002">
    <system-out><![CDATA[Giocatore 0 ha in mano: 5-> PUO GIOCARE
Giocatore 1 ha in mano: 3-> PUO GIOCARE
Giocatore 2 ha in mano: 5-> PUO GIOCARE


Giocatore 0 ha in mano: 2-> LOSE!
Giocatore 1 ha in mano: 2-> LOSE!
Giocatore 2 ha in mano: 8-> WIN!


]]></system-out>
  </testcase>
</testsuite>